Сборка начата 25.11.2015 10:44:12.
     1>Проект "C:\Users\Nikolay\Documents\Visual Studio 2015\Projects\zero9495_winapi_01_VS2015\zero9495_winapi_01_VS2015\zero9495_winapi_01_VS2015.vcxproj" в узле 2 (целевые объекты Build).
     1>ClCompile:
         C:\Program Files (x86)\Microsoft Visual Studio 14.0\VC\bin\CL.exe /c /ZI /nologo /W3 /WX- /sdl /Od /Oy- /D WIN32 /D _DEBUG /D _WINDOWS /D _MBCS /Gm /EHsc /RTC1 /MDd /GS /fp:precise /Zc:wchar_t /Zc:forScope /Zc:inline /Fo"Debug\\" /Fd"Debug\vc140.pdb" /Gd /TP /analyze- /errorReport:prompt zero9495_winapi_01_01.cpp
         zero9495_winapi_01_01.cpp
     1>c:\users\nikolay\documents\visual studio 2015\projects\zero9495_winapi_01_vs2015\zero9495_winapi_01_vs2015\buttonwithtext.h(55): warning C4101: cf: неиспользованная локальная переменная
     1>c:\users\nikolay\documents\visual studio 2015\projects\zero9495_winapi_01_vs2015\zero9495_winapi_01_vs2015\zero9495_winapi_01_01.cpp(324): warning C4244: +=: преобразование "double" в "int", возможна потеря данных
     1>c:\users\nikolay\documents\visual studio 2015\projects\zero9495_winapi_01_vs2015\zero9495_winapi_01_vs2015\zero9495_winapi_01_01.cpp(869): warning C4101: hdc: неиспользованная локальная переменная
     1>c:\users\nikolay\documents\visual studio 2015\projects\zero9495_winapi_01_vs2015\zero9495_winapi_01_vs2015\zero9495_winapi_01_01.cpp(867): warning C4101: ps: неиспользованная локальная переменная
     1>c:\users\nikolay\documents\visual studio 2015\projects\zero9495_winapi_01_vs2015\zero9495_winapi_01_vs2015\zero9495_winapi_01_01.cpp(860): warning C4715: PanelMenuProc: значение возвращается не при всех путях выполнения
     1>c:\users\nikolay\documents\visual studio 2015\projects\zero9495_winapi_01_vs2015\zero9495_winapi_01_vs2015\zero9495_winapi_01_01.cpp(1143): warning C4715: WndProc: значение возвращается не при всех путях выполнения
     1>c:\users\nikolay\documents\visual studio 2015\projects\zero9495_winapi_01_vs2015\zero9495_winapi_01_vs2015\zero9495_winapi_01_01.cpp(735): warning C4715: WorkspaceProc: значение возвращается не при всех путях выполнения
       Link:
         C:\Program Files (x86)\Microsoft Visual Studio 14.0\VC\bin\link.exe /ERRORREPORT:PROMPT /OUT:"C:\Users\Nikolay\Documents\Visual Studio 2015\Projects\zero9495_winapi_01_VS2015\Debug\zero9495_winapi_01_VS2015.exe" /INCREMENTAL /NOLOGO kernel32.lib user32.lib gdi32.lib winspool.lib comdlg32.lib advapi32.lib shell32.lib ole32.lib oleaut32.lib uuid.lib odbc32.lib odbccp32.lib /MANIFEST /MANIFESTUAC:"level='asInvoker' uiAccess='false'" /manifest:embed /Debug /PDB:"C:\Users\Nikolay\Documents\Visual Studio 2015\Projects\zero9495_winapi_01_VS2015\Debug\zero9495_winapi_01_VS2015.pdb" /SUBSYSTEM:WINDOWS /TLBID:1 /DYNAMICBASE /NXCOMPAT /IMPLIB:"C:\Users\Nikolay\Documents\Visual Studio 2015\Projects\zero9495_winapi_01_VS2015\Debug\zero9495_winapi_01_VS2015.lib" /MACHINE:X86 Debug\Figure.obj
         Debug\ListFigure.obj
         Debug\MyEllipse.obj
         Debug\MyRectangle.obj
         Debug\MyTriangle.obj
         Debug\zero9495_winapi_01_01.obj
         zero9495_winapi_01_VS2015.vcxproj -> C:\Users\Nikolay\Documents\Visual Studio 2015\Projects\zero9495_winapi_01_VS2015\Debug\zero9495_winapi_01_VS2015.exe
     1>Сборка проекта "C:\Users\Nikolay\Documents\Visual Studio 2015\Projects\zero9495_winapi_01_VS2015\zero9495_winapi_01_VS2015\zero9495_winapi_01_VS2015.vcxproj" завершена (целевые объекты Build).

Сборка успешно завершена.

Затраченное время: 00:00:00.69
